0 info it worked if it ends with ok
1 verbose cli [ '/usr/local/bin/node',
1 verbose cli   '/usr/local/bin/npm',
1 verbose cli   'install',
1 verbose cli   'halogen' ]
2 info using npm@2.15.8
3 info using node@v4.4.7
4 verbose install initial load of /Users/neilWhite/Desktop/hackReactor/Project-T2/package.json
5 warn package.json greenfield@1.0.0 No repository field.
6 verbose installManyTop reading scoped package data from /Users/neilWhite/Desktop/hackReactor/Project-T2/node_modules/babel-core/package.json
7 verbose installManyTop reading scoped package data from /Users/neilWhite/Desktop/hackReactor/Project-T2/node_modules/babel-loader/package.json
8 verbose installManyTop reading scoped package data from /Users/neilWhite/Desktop/hackReactor/Project-T2/node_modules/babel-preset-es2015/package.json
9 verbose installManyTop reading scoped package data from /Users/neilWhite/Desktop/hackReactor/Project-T2/node_modules/babel-preset-react/package.json
10 verbose installManyTop reading scoped package data from /Users/neilWhite/Desktop/hackReactor/Project-T2/node_modules/bluebird/package.json
11 verbose installManyTop reading scoped package data from /Users/neilWhite/Desktop/hackReactor/Project-T2/node_modules/body-parser/package.json
12 verbose installManyTop reading scoped package data from /Users/neilWhite/Desktop/hackReactor/Project-T2/node_modules/cors/package.json
13 verbose installManyTop reading scoped package data from /Users/neilWhite/Desktop/hackReactor/Project-T2/node_modules/d3/package.json
14 verbose installManyTop reading scoped package data from /Users/neilWhite/Desktop/hackReactor/Project-T2/node_modules/express/package.json
15 verbose installManyTop reading scoped package data from /Users/neilWhite/Desktop/hackReactor/Project-T2/node_modules/fs/package.json
16 verbose installManyTop reading scoped package data from /Users/neilWhite/Desktop/hackReactor/Project-T2/node_modules/google-trends-api/package.json
17 verbose installManyTop reading scoped package data from /Users/neilWhite/Desktop/hackReactor/Project-T2/node_modules/halogen/package.json
18 verbose installManyTop reading scoped package data from /Users/neilWhite/Desktop/hackReactor/Project-T2/node_modules/jquery/package.json
19 verbose installManyTop reading scoped package data from /Users/neilWhite/Desktop/hackReactor/Project-T2/node_modules/live-server/package.json
20 verbose installManyTop reading scoped package data from /Users/neilWhite/Desktop/hackReactor/Project-T2/node_modules/morgan/package.json
21 verbose installManyTop reading scoped package data from /Users/neilWhite/Desktop/hackReactor/Project-T2/node_modules/mysql/package.json
22 verbose installManyTop reading scoped package data from /Users/neilWhite/Desktop/hackReactor/Project-T2/node_modules/node-cron/package.json
23 verbose installManyTop reading scoped package data from /Users/neilWhite/Desktop/hackReactor/Project-T2/node_modules/nodemon/package.json
24 verbose installManyTop reading scoped package data from /Users/neilWhite/Desktop/hackReactor/Project-T2/node_modules/react/package.json
25 verbose installManyTop reading scoped package data from /Users/neilWhite/Desktop/hackReactor/Project-T2/node_modules/react-bootstrap/package.json
26 verbose installManyTop reading scoped package data from /Users/neilWhite/Desktop/hackReactor/Project-T2/node_modules/react-dom/package.json
27 verbose installManyTop reading scoped package data from /Users/neilWhite/Desktop/hackReactor/Project-T2/node_modules/react-faux-dom/package.json
28 verbose installManyTop reading scoped package data from /Users/neilWhite/Desktop/hackReactor/Project-T2/node_modules/react-fontawesome/package.json
29 verbose installManyTop reading scoped package data from /Users/neilWhite/Desktop/hackReactor/Project-T2/node_modules/react-icons/package.json
30 verbose installManyTop reading scoped package data from /Users/neilWhite/Desktop/hackReactor/Project-T2/node_modules/react-router/package.json
31 verbose installManyTop reading scoped package data from /Users/neilWhite/Desktop/hackReactor/Project-T2/node_modules/request/package.json
32 verbose installManyTop reading scoped package data from /Users/neilWhite/Desktop/hackReactor/Project-T2/node_modules/sequelize/package.json
33 verbose installManyTop reading scoped package data from /Users/neilWhite/Desktop/hackReactor/Project-T2/node_modules/twitter/package.json
34 verbose installManyTop reading scoped package data from /Users/neilWhite/Desktop/hackReactor/Project-T2/node_modules/underscore/package.json
35 verbose installManyTop reading scoped package data from /Users/neilWhite/Desktop/hackReactor/Project-T2/node_modules/watson-developer-cloud/package.json
36 verbose installManyTop reading scoped package data from /Users/neilWhite/Desktop/hackReactor/Project-T2/node_modules/webpack/package.json
37 info package.json fs@0.0.2 fs is also the name of a node core module.
38 info package.json fs@0.0.2 No description
39 info package.json fs@0.0.2 No repository field.
40 verbose readDependencies loading dependencies from /Users/neilWhite/Desktop/hackReactor/Project-T2/package.json
41 verbose install halogen is installed as 0.2.0
42 silly cache add args [ 'halogen@^0.2.0', null ]
43 verbose cache add spec halogen@^0.2.0
44 silly cache add parsed spec Result {
44 silly cache add   raw: 'halogen@^0.2.0',
44 silly cache add   scope: null,
44 silly cache add   name: 'halogen',
44 silly cache add   rawSpec: '^0.2.0',
44 silly cache add   spec: '>=0.2.0 <0.3.0',
44 silly cache add   type: 'range' }
45 silly addNamed halogen@>=0.2.0 <0.3.0
46 verbose addNamed ">=0.2.0 <0.3.0" is a valid semver range for halogen
47 silly addNameRange { name: 'halogen', range: '>=0.2.0 <0.3.0', hasData: false }
48 silly mapToRegistry name halogen
49 silly mapToRegistry using default registry
50 silly mapToRegistry registry https://registry.npmjs.org/
51 silly mapToRegistry data Result {
51 silly mapToRegistry   raw: 'halogen',
51 silly mapToRegistry   scope: null,
51 silly mapToRegistry   name: 'halogen',
51 silly mapToRegistry   rawSpec: '',
51 silly mapToRegistry   spec: 'latest',
51 silly mapToRegistry   type: 'tag' }
52 silly mapToRegistry uri https://registry.npmjs.org/halogen
53 verbose addNameRange registry:https://registry.npmjs.org/halogen not in flight; fetching
54 verbose request uri https://registry.npmjs.org/halogen
55 verbose request no auth needed
56 info attempt registry request try #1 at 6:08:37 PM
57 verbose request id 21c8f77d069f9c1e
58 verbose etag "4H34X61VWQ75SSNVIIS5DYARC"
59 http request GET https://registry.npmjs.org/halogen
60 http 304 https://registry.npmjs.org/halogen
61 verbose headers { date: 'Tue, 26 Jul 2016 01:08:38 GMT',
61 verbose headers   via: '1.1 varnish',
61 verbose headers   'cache-control': 'max-age=300',
61 verbose headers   etag: '"4H34X61VWQ75SSNVIIS5DYARC"',
61 verbose headers   age: '17',
61 verbose headers   connection: 'keep-alive',
61 verbose headers   'x-served-by': 'cache-ord1733-ORD',
61 verbose headers   'x-cache': 'HIT',
61 verbose headers   'x-cache-hits': '1',
61 verbose headers   'x-timer': 'S1469495318.120396,VS0,VE0',
61 verbose headers   vary: 'Accept-Encoding' }
62 silly get cb [ 304,
62 silly get   { date: 'Tue, 26 Jul 2016 01:08:38 GMT',
62 silly get     via: '1.1 varnish',
62 silly get     'cache-control': 'max-age=300',
62 silly get     etag: '"4H34X61VWQ75SSNVIIS5DYARC"',
62 silly get     age: '17',
62 silly get     connection: 'keep-alive',
62 silly get     'x-served-by': 'cache-ord1733-ORD',
62 silly get     'x-cache': 'HIT',
62 silly get     'x-cache-hits': '1',
62 silly get     'x-timer': 'S1469495318.120396,VS0,VE0',
62 silly get     vary: 'Accept-Encoding' } ]
63 verbose etag https://registry.npmjs.org/halogen from cache
64 verbose get saving halogen to /Users/neilWhite/.npm/registry.npmjs.org/halogen/.cache.json
65 verbose correctMkdir /Users/neilWhite/.npm correctMkdir not in flight; initializing
66 silly addNameRange number 2 { name: 'halogen', range: '>=0.2.0 <0.3.0', hasData: true }
67 silly addNameRange versions [ 'halogen',
67 silly addNameRange   [ '0.0.0',
67 silly addNameRange     '0.1.0',
67 silly addNameRange     '0.1.1',
67 silly addNameRange     '0.1.2',
67 silly addNameRange     '0.1.3',
67 silly addNameRange     '0.1.4',
67 silly addNameRange     '0.1.5',
67 silly addNameRange     '0.1.6',
67 silly addNameRange     '0.1.7',
67 silly addNameRange     '0.1.8',
67 silly addNameRange     '0.1.9',
67 silly addNameRange     '0.1.10',
67 silly addNameRange     '0.2.0' ] ]
68 silly addNamed halogen@0.2.0
69 verbose addNamed "0.2.0" is a plain semver version for halogen
70 silly cache afterAdd halogen@0.2.0
71 verbose afterAdd /Users/neilWhite/.npm/halogen/0.2.0/package/package.json not in flight; writing
72 verbose correctMkdir /Users/neilWhite/.npm correctMkdir not in flight; initializing
73 verbose afterAdd /Users/neilWhite/.npm/halogen/0.2.0/package/package.json written
74 silly install resolved [ { name: 'halogen',
74 silly install resolved     version: '0.2.0',
74 silly install resolved     description: 'A collection of loading spinners with React.js',
74 silly install resolved     main: 'Halogen.js',
74 silly install resolved     author: { name: 'Yuanyan Cao' },
74 silly install resolved     license: 'MIT',
74 silly install resolved     repository:
74 silly install resolved      { type: 'git',
74 silly install resolved        url: 'git+https://github.com/yuanyan/halogen.git' },
74 silly install resolved     dependencies: { domkit: '0.0.1' },
74 silly install resolved     peerDependencies: { react: '^0.14.8', 'react-dom': '^0.14.8' },
74 silly install resolved     devDependencies:
74 silly install resolved      { 'babel-preset-es2015': '^6.6.0',
74 silly install resolved        'babel-preset-react': '^6.5.0',
74 silly install resolved        'babel-preset-stage-1': '^6.5.0',
74 silly install resolved        babelify: '^7.2.0',
74 silly install resolved        browserify: '^6.3.3',
74 silly install resolved        'browserify-shim': '^3.8.0',
74 silly install resolved        chalk: '^0.5.1',
74 silly install resolved        codemirror: '^5.0.0',
74 silly install resolved        del: '^0.1.3',
74 silly install resolved        gulp: '^3.8.10',
74 silly install resolved        'gulp-babel': '^6.1.2',
74 silly install resolved        'gulp-bump': '^0.1.11',
74 silly install resolved        'gulp-connect': '^2.2.0',
74 silly install resolved        'gulp-gh-pages': '^0.4.0',
74 silly install resolved        'gulp-git': '^0.5.5',
74 silly install resolved        'gulp-less': '^1.3.6',
74 silly install resolved        'gulp-rename': '^1.2.0',
74 silly install resolved        'gulp-streamify': '^0.0.5',
74 silly install resolved        'gulp-uglify': '^1.0.1',
74 silly install resolved        'gulp-util': '^3.0.1',
74 silly install resolved        'merge-stream': '^0.1.6',
74 silly install resolved        'vinyl-paths': '^1.0.0',
74 silly install resolved        'vinyl-source-stream': '^1.0.0',
74 silly install resolved        watchify: '^2.1.1' },
74 silly install resolved     browserify: { transform: [] },
74 silly install resolved     'browserify-shim': { react: 'global:React' },
74 silly install resolved     scripts: { release: 'gulp release' },
74 silly install resolved     keywords: [ 'react', 'react-component', 'loader', 'spinner', 'halogen' ],
74 silly install resolved     gitHead: 'd7f65ac66e61c4bf5acf1dde4173d7a2d60f4bfb',
74 silly install resolved     bugs: { url: 'https://github.com/yuanyan/halogen/issues' },
74 silly install resolved     homepage: 'https://github.com/yuanyan/halogen#readme',
74 silly install resolved     _id: 'halogen@0.2.0',
74 silly install resolved     _shasum: '1c65a99a9352e6bf02f41beb7081852fce7e7473',
74 silly install resolved     _from: 'halogen@>=0.2.0 <0.3.0',
74 silly install resolved     _npmVersion: '3.8.1',
74 silly install resolved     _nodeVersion: '4.0.0',
74 silly install resolved     _npmUser: { name: 'yuanyan', email: 'yuanyan.cao@gmail.com' },
74 silly install resolved     maintainers: [ [Object] ],
74 silly install resolved     dist:
74 silly install resolved      { shasum: '1c65a99a9352e6bf02f41beb7081852fce7e7473',
74 silly install resolved        tarball: 'https://registry.npmjs.org/halogen/-/halogen-0.2.0.tgz' },
74 silly install resolved     _npmOperationalInternal:
74 silly install resolved      { host: 'packages-12-west.internal.npmjs.com',
74 silly install resolved        tmp: 'tmp/halogen-0.2.0.tgz_1459600354190_0.44947334798052907' },
74 silly install resolved     directories: {},
74 silly install resolved     _resolved: 'https://registry.npmjs.org/halogen/-/halogen-0.2.0.tgz',
74 silly install resolved     readme: 'ERROR: No README data found!' } ]
75 info install halogen@0.2.0 into /Users/neilWhite/Desktop/hackReactor/Project-T2
76 info installOne halogen@0.2.0
77 verbose installOne of halogen to /Users/neilWhite/Desktop/hackReactor/Project-T2 not in flight; installing
78 verbose correctMkdir /Users/neilWhite/.npm/_locks correctMkdir not in flight; initializing
79 verbose lock using /Users/neilWhite/.npm/_locks/halogen-07dd9e8f9090934d.lock for /Users/neilWhite/Desktop/hackReactor/Project-T2/node_modules/halogen
80 silly install write writing halogen 0.2.0 to /Users/neilWhite/Desktop/hackReactor/Project-T2/node_modules/halogen
81 verbose unbuild node_modules/halogen
82 info preuninstall halogen@0.2.0
83 info uninstall halogen@0.2.0
84 verbose unbuild rmStuff halogen@0.2.0 from /Users/neilWhite/Desktop/hackReactor/Project-T2/node_modules
85 info postuninstall halogen@0.2.0
86 silly gentlyRm /Users/neilWhite/Desktop/hackReactor/Project-T2/node_modules/halogen is being purged from base /Users/neilWhite/Desktop/hackReactor/Project-T2
87 verbose gentlyRm don't care about contents; nuking /Users/neilWhite/Desktop/hackReactor/Project-T2/node_modules/halogen
88 silly vacuum-fs purging /Users/neilWhite/Desktop/hackReactor/Project-T2/node_modules/halogen
89 silly vacuum-fs quitting because other entries in /Users/neilWhite/Desktop/hackReactor/Project-T2/node_modules
90 verbose tar unpack /Users/neilWhite/.npm/halogen/0.2.0/package.tgz
91 verbose tar unpacking to /Users/neilWhite/Desktop/hackReactor/Project-T2/node_modules/halogen
92 silly gentlyRm /Users/neilWhite/Desktop/hackReactor/Project-T2/node_modules/halogen is being purged
93 verbose gentlyRm don't care about contents; nuking /Users/neilWhite/Desktop/hackReactor/Project-T2/node_modules/halogen
94 silly gunzTarPerm modes [ '755', '644' ]
95 silly gunzTarPerm extractEntry package.json
96 silly gunzTarPerm extractEntry .npmignore
97 silly gunzTarPerm extractEntry README.md
98 silly gunzTarPerm extractEntry LICENSE
99 silly gunzTarPerm extractEntry ClipLoader.js
100 silly gunzTarPerm extractEntry MoonLoader.js
101 silly gunzTarPerm extractEntry PacmanLoader.js
102 silly gunzTarPerm extractEntry BeatLoader.js
103 silly gunzTarPerm extractEntry RingLoader.js
104 silly gunzTarPerm extractEntry RiseLoader.js
105 silly gunzTarPerm extractEntry RotateLoader.js
106 silly gunzTarPerm extractEntry ScaleLoader.js
107 silly gunzTarPerm extractEntry SkewLoader.js
108 silly gunzTarPerm extractEntry Halogen.js
109 silly gunzTarPerm extractEntry SquareLoader.js
110 silly gunzTarPerm extractEntry GridLoader.js
111 silly gunzTarPerm extractEntry SyncLoader.js
112 silly gunzTarPerm extractEntry FadeLoader.js
113 silly gunzTarPerm extractEntry DotLoader.js
114 silly gunzTarPerm extractEntry PulseLoader.js
115 silly gunzTarPerm extractEntry BounceLoader.js
116 verbose write writing to /Users/neilWhite/Desktop/hackReactor/Project-T2/node_modules/halogen/package.json
117 info preinstall halogen@0.2.0
118 verbose readDependencies loading dependencies from /Users/neilWhite/Desktop/hackReactor/Project-T2/node_modules/halogen/package.json
119 silly prepareForInstallMany adding domkit@0.0.1 from halogen dependencies
120 silly prepareForInstallMany adding react@^0.14.8 from halogen peerDependencies
121 silly prepareForInstallMany adding react-dom@^0.14.8 from halogen peerDependencies
122 warn peerDependencies The peer dependency react@^0.14.8 included from halogen will no
123 warn peerDependencies longer be automatically installed to fulfill the peerDependency
124 warn peerDependencies in npm 3+. Your application will need to depend on it explicitly.
125 warn peerDependencies The peer dependency react-dom@^0.14.8 included from halogen will no
126 warn peerDependencies longer be automatically installed to fulfill the peerDependency
127 warn peerDependencies in npm 3+. Your application will need to depend on it explicitly.
128 verbose readDependencies loading dependencies from /Users/neilWhite/Desktop/hackReactor/Project-T2/node_modules/halogen/package.json
129 silly cache add args [ 'domkit@0.0.1', null ]
130 verbose cache add spec domkit@0.0.1
131 silly cache add parsed spec Result {
131 silly cache add   raw: 'domkit@0.0.1',
131 silly cache add   scope: null,
131 silly cache add   name: 'domkit',
131 silly cache add   rawSpec: '0.0.1',
131 silly cache add   spec: '0.0.1',
131 silly cache add   type: 'version' }
132 silly addNamed domkit@0.0.1
133 verbose addNamed "0.0.1" is a plain semver version for domkit
134 silly mapToRegistry name domkit
135 silly mapToRegistry using default registry
136 silly mapToRegistry registry https://registry.npmjs.org/
137 silly mapToRegistry data Result {
137 silly mapToRegistry   raw: 'domkit',
137 silly mapToRegistry   scope: null,
137 silly mapToRegistry   name: 'domkit',
137 silly mapToRegistry   rawSpec: '',
137 silly mapToRegistry   spec: 'latest',
137 silly mapToRegistry   type: 'tag' }
138 silly mapToRegistry uri https://registry.npmjs.org/domkit
139 verbose addNameVersion registry:https://registry.npmjs.org/domkit not in flight; fetching
140 verbose request uri https://registry.npmjs.org/domkit
141 verbose request no auth needed
142 info attempt registry request try #1 at 6:08:38 PM
143 verbose etag "F4CKZB6J9OB20F52Y5A99D0RO"
144 http request GET https://registry.npmjs.org/domkit
145 http 304 https://registry.npmjs.org/domkit
146 verbose headers { date: 'Tue, 26 Jul 2016 01:08:38 GMT',
146 verbose headers   via: '1.1 varnish',
146 verbose headers   'cache-control': 'max-age=300',
146 verbose headers   etag: '"F4CKZB6J9OB20F52Y5A99D0RO"',
146 verbose headers   age: '17',
146 verbose headers   connection: 'keep-alive',
146 verbose headers   'x-served-by': 'cache-ord1733-ORD',
146 verbose headers   'x-cache': 'HIT',
146 verbose headers   'x-cache-hits': '1',
146 verbose headers   'x-timer': 'S1469495318.352788,VS0,VE0',
146 verbose headers   vary: 'Accept-Encoding' }
147 silly get cb [ 304,
147 silly get   { date: 'Tue, 26 Jul 2016 01:08:38 GMT',
147 silly get     via: '1.1 varnish',
147 silly get     'cache-control': 'max-age=300',
147 silly get     etag: '"F4CKZB6J9OB20F52Y5A99D0RO"',
147 silly get     age: '17',
147 silly get     connection: 'keep-alive',
147 silly get     'x-served-by': 'cache-ord1733-ORD',
147 silly get     'x-cache': 'HIT',
147 silly get     'x-cache-hits': '1',
147 silly get     'x-timer': 'S1469495318.352788,VS0,VE0',
147 silly get     vary: 'Accept-Encoding' } ]
148 verbose etag https://registry.npmjs.org/domkit from cache
149 verbose get saving domkit to /Users/neilWhite/.npm/registry.npmjs.org/domkit/.cache.json
150 verbose correctMkdir /Users/neilWhite/.npm correctMkdir not in flight; initializing
151 silly cache afterAdd domkit@0.0.1
152 verbose afterAdd /Users/neilWhite/.npm/domkit/0.0.1/package/package.json not in flight; writing
153 verbose correctMkdir /Users/neilWhite/.npm correctMkdir not in flight; initializing
154 verbose afterAdd /Users/neilWhite/.npm/domkit/0.0.1/package/package.json written
155 silly install resolved [ { name: 'domkit',
155 silly install resolved     version: '0.0.1',
155 silly install resolved     description: 'Toolkit for DOM',
155 silly install resolved     author: { name: 'Yuanyan Cao' },
155 silly install resolved     license: 'MIT',
155 silly install resolved     repository:
155 silly install resolved      { type: 'git',
155 silly install resolved        url: 'git+https://github.com/yuanyan/domkit.git' },
155 silly install resolved     keywords: [ 'dom', 'domkit', 'toolkit' ],
155 silly install resolved     gitHead: 'a68c4626bb9165085fbbef582b7cccecdbca8079',
155 silly install resolved     bugs: { url: 'https://github.com/yuanyan/domkit/issues' },
155 silly install resolved     homepage: 'https://github.com/yuanyan/domkit#readme',
155 silly install resolved     _id: 'domkit@0.0.1',
155 silly install resolved     scripts: {},
155 silly install resolved     _shasum: '88399d586794efc1154fec6c22cfe50f19bd4dbb',
155 silly install resolved     _from: 'domkit@0.0.1',
155 silly install resolved     _npmVersion: '2.11.3',
155 silly install resolved     _nodeVersion: '2.3.1',
155 silly install resolved     _npmUser: { name: 'yuanyan', email: 'yuanyan.cao@gmail.com' },
155 silly install resolved     maintainers: [ [Object] ],
155 silly install resolved     dist:
155 silly install resolved      { shasum: '88399d586794efc1154fec6c22cfe50f19bd4dbb',
155 silly install resolved        tarball: 'https://registry.npmjs.org/domkit/-/domkit-0.0.1.tgz' },
155 silly install resolved     directories: {},
155 silly install resolved     _resolved: 'https://registry.npmjs.org/domkit/-/domkit-0.0.1.tgz',
155 silly install resolved     readme: 'ERROR: No README data found!' } ]
156 info install domkit@0.0.1 into /Users/neilWhite/Desktop/hackReactor/Project-T2/node_modules/halogen
157 info installOne domkit@0.0.1
158 verbose installOne of domkit to /Users/neilWhite/Desktop/hackReactor/Project-T2/node_modules/halogen not in flight; installing
159 verbose correctMkdir /Users/neilWhite/.npm/_locks correctMkdir not in flight; initializing
160 verbose lock using /Users/neilWhite/.npm/_locks/domkit-b932d720cf6d28a6.lock for /Users/neilWhite/Desktop/hackReactor/Project-T2/node_modules/halogen/node_modules/domkit
161 silly install write writing domkit 0.0.1 to /Users/neilWhite/Desktop/hackReactor/Project-T2/node_modules/halogen/node_modules/domkit
162 verbose unbuild node_modules/halogen/node_modules/domkit
163 silly gentlyRm /Users/neilWhite/Desktop/hackReactor/Project-T2/node_modules/halogen/node_modules/domkit is being purged from base /Users/neilWhite/Desktop/hackReactor/Project-T2
164 verbose gentlyRm don't care about contents; nuking /Users/neilWhite/Desktop/hackReactor/Project-T2/node_modules/halogen/node_modules/domkit
165 verbose tar unpack /Users/neilWhite/.npm/domkit/0.0.1/package.tgz
166 verbose tar unpacking to /Users/neilWhite/Desktop/hackReactor/Project-T2/node_modules/halogen/node_modules/domkit
167 silly gentlyRm /Users/neilWhite/Desktop/hackReactor/Project-T2/node_modules/halogen/node_modules/domkit is being purged
168 verbose gentlyRm don't care about contents; nuking /Users/neilWhite/Desktop/hackReactor/Project-T2/node_modules/halogen/node_modules/domkit
169 silly gunzTarPerm modes [ '755', '644' ]
170 silly gunzTarPerm extractEntry package.json
171 silly gunzTarPerm extractEntry .npmignore
172 silly gunzTarPerm extractEntry README.md
173 silly gunzTarPerm extractEntry appendVendorPrefix.js
174 silly gunzTarPerm extractEntry builtinStyle.js
175 silly gunzTarPerm extractEntry removeEventListener.js
176 silly gunzTarPerm extractEntry addEventListener.js
177 silly gunzTarPerm extractEntry removeClass.js
178 silly gunzTarPerm extractEntry getVendorPropertyName.js
179 silly gunzTarPerm extractEntry hasClass.js
180 silly gunzTarPerm extractEntry inViewport.js
181 silly gunzTarPerm extractEntry insertKeyframesRule.js
182 silly gunzTarPerm extractEntry addClass.js
183 silly gunzTarPerm extractEntry insertRule.js
184 silly gunzTarPerm extractEntry classNames.js
185 silly gunzTarPerm extractEntry onEndTransition.js
186 silly gunzTarPerm extractEntry throttle.js
187 silly gunzTarPerm extractEntry transitionEvents.js
188 silly gunzTarPerm extractEntry canUseDOM.js
189 silly gunzTarPerm extractEntry getVendorPrefix.js
190 silly gunzTarPerm extractEntry .eslintignore
191 silly gunzTarPerm extractEntry .jscsrc
192 silly gunzTarPerm extractEntry .eslintrc
193 silly gunzTarPerm extractEntry .editorconfig
194 verbose write writing to /Users/neilWhite/Desktop/hackReactor/Project-T2/node_modules/halogen/node_modules/domkit/package.json
195 info preinstall domkit@0.0.1
196 verbose readDependencies loading dependencies from /Users/neilWhite/Desktop/hackReactor/Project-T2/node_modules/halogen/node_modules/domkit/package.json
197 verbose readDependencies loading dependencies from /Users/neilWhite/Desktop/hackReactor/Project-T2/node_modules/halogen/node_modules/domkit/package.json
198 silly install resolved []
199 verbose about to build /Users/neilWhite/Desktop/hackReactor/Project-T2/node_modules/halogen/node_modules/domkit
200 info build /Users/neilWhite/Desktop/hackReactor/Project-T2/node_modules/halogen/node_modules/domkit
201 info linkStuff domkit@0.0.1
202 silly linkStuff domkit@0.0.1 has /Users/neilWhite/Desktop/hackReactor/Project-T2/node_modules/halogen/node_modules as its parent node_modules
203 verbose linkBins domkit@0.0.1
204 verbose linkMans domkit@0.0.1
205 verbose rebuildBundles domkit@0.0.1
206 info install domkit@0.0.1
207 info postinstall domkit@0.0.1
208 verbose unlock done using /Users/neilWhite/.npm/_locks/domkit-b932d720cf6d28a6.lock for /Users/neilWhite/Desktop/hackReactor/Project-T2/node_modules/halogen/node_modules/domkit
209 verbose about to build /Users/neilWhite/Desktop/hackReactor/Project-T2/node_modules/halogen
210 info build /Users/neilWhite/Desktop/hackReactor/Project-T2/node_modules/halogen
211 info linkStuff halogen@0.2.0
212 silly linkStuff halogen@0.2.0 has /Users/neilWhite/Desktop/hackReactor/Project-T2/node_modules as its parent node_modules
213 verbose linkBins halogen@0.2.0
214 verbose linkMans halogen@0.2.0
215 verbose rebuildBundles halogen@0.2.0
216 verbose rebuildBundles [ 'domkit' ]
217 info install halogen@0.2.0
218 info postinstall halogen@0.2.0
219 verbose readDependencies loading dependencies from /Users/neilWhite/Desktop/hackReactor/Project-T2/package.json
220 verbose targetResolver reading package data from /Users/neilWhite/Desktop/hackReactor/Project-T2/node_modules/babel-core/package.json
221 verbose targetResolver reading package data from /Users/neilWhite/Desktop/hackReactor/Project-T2/node_modules/babel-loader/package.json
222 verbose targetResolver reading package data from /Users/neilWhite/Desktop/hackReactor/Project-T2/node_modules/babel-preset-es2015/package.json
223 verbose targetResolver reading package data from /Users/neilWhite/Desktop/hackReactor/Project-T2/node_modules/babel-preset-react/package.json
224 verbose targetResolver reading package data from /Users/neilWhite/Desktop/hackReactor/Project-T2/node_modules/bluebird/package.json
225 verbose targetResolver reading package data from /Users/neilWhite/Desktop/hackReactor/Project-T2/node_modules/body-parser/package.json
226 verbose targetResolver reading package data from /Users/neilWhite/Desktop/hackReactor/Project-T2/node_modules/cors/package.json
227 verbose targetResolver reading package data from /Users/neilWhite/Desktop/hackReactor/Project-T2/node_modules/d3/package.json
228 verbose targetResolver reading package data from /Users/neilWhite/Desktop/hackReactor/Project-T2/node_modules/express/package.json
229 verbose targetResolver reading package data from /Users/neilWhite/Desktop/hackReactor/Project-T2/node_modules/fs/package.json
230 verbose targetResolver reading package data from /Users/neilWhite/Desktop/hackReactor/Project-T2/node_modules/google-trends-api/package.json
231 verbose targetResolver reading package data from /Users/neilWhite/Desktop/hackReactor/Project-T2/node_modules/halogen/package.json
232 verbose targetResolver reading package data from /Users/neilWhite/Desktop/hackReactor/Project-T2/node_modules/jquery/package.json
233 verbose targetResolver reading package data from /Users/neilWhite/Desktop/hackReactor/Project-T2/node_modules/live-server/package.json
234 verbose targetResolver reading package data from /Users/neilWhite/Desktop/hackReactor/Project-T2/node_modules/morgan/package.json
235 verbose targetResolver reading package data from /Users/neilWhite/Desktop/hackReactor/Project-T2/node_modules/mysql/package.json
236 verbose targetResolver reading package data from /Users/neilWhite/Desktop/hackReactor/Project-T2/node_modules/node-cron/package.json
237 verbose targetResolver reading package data from /Users/neilWhite/Desktop/hackReactor/Project-T2/node_modules/nodemon/package.json
238 verbose targetResolver reading package data from /Users/neilWhite/Desktop/hackReactor/Project-T2/node_modules/react/package.json
239 verbose targetResolver reading package data from /Users/neilWhite/Desktop/hackReactor/Project-T2/node_modules/react-bootstrap/package.json
240 verbose targetResolver reading package data from /Users/neilWhite/Desktop/hackReactor/Project-T2/node_modules/react-dom/package.json
241 verbose targetResolver reading package data from /Users/neilWhite/Desktop/hackReactor/Project-T2/node_modules/react-faux-dom/package.json
242 verbose targetResolver reading package data from /Users/neilWhite/Desktop/hackReactor/Project-T2/node_modules/react-fontawesome/package.json
243 verbose targetResolver reading package data from /Users/neilWhite/Desktop/hackReactor/Project-T2/node_modules/react-icons/package.json
244 verbose targetResolver reading package data from /Users/neilWhite/Desktop/hackReactor/Project-T2/node_modules/react-router/package.json
245 verbose targetResolver reading package data from /Users/neilWhite/Desktop/hackReactor/Project-T2/node_modules/request/package.json
246 verbose targetResolver reading package data from /Users/neilWhite/Desktop/hackReactor/Project-T2/node_modules/sequelize/package.json
247 verbose targetResolver reading package data from /Users/neilWhite/Desktop/hackReactor/Project-T2/node_modules/twitter/package.json
248 verbose targetResolver reading package data from /Users/neilWhite/Desktop/hackReactor/Project-T2/node_modules/underscore/package.json
249 verbose targetResolver reading package data from /Users/neilWhite/Desktop/hackReactor/Project-T2/node_modules/watson-developer-cloud/package.json
250 verbose targetResolver reading package data from /Users/neilWhite/Desktop/hackReactor/Project-T2/node_modules/webpack/package.json
251 verbose targetResolver reading package data from /Users/neilWhite/Desktop/hackReactor/Project-T2/node_modules/.bin/live-server/package.json
252 verbose targetResolver reading package data from /Users/neilWhite/Desktop/hackReactor/Project-T2/node_modules/.bin/nodemon/package.json
253 verbose targetResolver reading package data from /Users/neilWhite/Desktop/hackReactor/Project-T2/node_modules/.bin/webpack/package.json
254 verbose already installed skipping react@^0.14.8 /Users/neilWhite/Desktop/hackReactor/Project-T2
255 verbose already installed skipping react-dom@^0.14.8 /Users/neilWhite/Desktop/hackReactor/Project-T2
256 silly install resolved []
257 verbose unlock done using /Users/neilWhite/.npm/_locks/halogen-07dd9e8f9090934d.lock for /Users/neilWhite/Desktop/hackReactor/Project-T2/node_modules/halogen
258 verbose validateInstall loading /Users/neilWhite/Desktop/hackReactor/Project-T2/package.json for validation
259 verbose stack Error: The package react@15.2.1 does not satisfy its siblings' peerDependencies requirements!
259 verbose stack     at /usr/local/lib/node_modules/npm/lib/install.js:125:32
259 verbose stack     at /usr/local/lib/node_modules/npm/lib/install.js:268:7
259 verbose stack     at /usr/local/lib/node_modules/npm/node_modules/read-installed/read-installed.js:142:5
259 verbose stack     at /usr/local/lib/node_modules/npm/node_modules/read-installed/read-installed.js:263:14
259 verbose stack     at cb (/usr/local/lib/node_modules/npm/node_modules/slide/lib/async-map.js:47:24)
259 verbose stack     at /usr/local/lib/node_modules/npm/node_modules/read-installed/read-installed.js:263:14
259 verbose stack     at cb (/usr/local/lib/node_modules/npm/node_modules/slide/lib/async-map.js:47:24)
259 verbose stack     at /usr/local/lib/node_modules/npm/node_modules/read-installed/read-installed.js:263:14
259 verbose stack     at cb (/usr/local/lib/node_modules/npm/node_modules/slide/lib/async-map.js:47:24)
259 verbose stack     at /usr/local/lib/node_modules/npm/node_modules/read-installed/read-installed.js:263:14
260 verbose cwd /Users/neilWhite/Desktop/hackReactor/Project-T2
261 error Darwin 15.5.0
262 error argv "/usr/local/bin/node" "/usr/local/bin/npm" "install" "halogen"
263 error node v4.4.7
264 error npm  v2.15.8
265 error code EPEERINVALID
266 error peerinvalid The package react@15.2.1 does not satisfy its siblings' peerDependencies requirements!
266 error peerinvalid Peer halogen@0.2.0 wants react@^0.14.8
266 error peerinvalid Peer react-bootstrap@0.29.5 wants react@>=0.14.0
266 error peerinvalid Peer react-dom@15.2.1 wants react@^15.2.1
266 error peerinvalid Peer react-faux-dom@2.7.1 wants react@*
266 error peerinvalid Peer react-fontawesome@1.1.0 wants react@>=0.12.0
266 error peerinvalid Peer react-icons@2.2.1 wants react@^0.14.0 || ^15.0.0
266 error peerinvalid Peer react-router@2.6.0 wants react@^0.14.0 || ^15.0.0
267 verbose exit [ 1, true ]
